2020-05-19 08:56:36:  用户test 成功注册
2020-05-19 08:56:43:  用户test1 成功注册
2020-05-19 08:57:00:   成功向用户test发送种子
2020-05-19 08:57:01:  用户test 登录成功
2020-05-19 08:57:03:   成功向用户test发送种子
2020-05-19 08:57:04:  用户test 登录失败
2020-05-19 08:57:06:   成功向用户test发送种子
2020-05-19 08:57:07:  用户test 登录成功
2020-05-19 08:57:08:   成功向用户test发送种子
2020-05-19 08:57:09:  用户test 登录成功
2020-05-19 08:57:10:   成功向用户test发送种子
2020-05-19 08:57:11:  用户test 登录成功
2020-05-19 08:57:12:   成功向用户test发送种子
2020-05-19 08:57:13:  用户test 登录成功
2020-05-19 08:57:14:   成功向用户test发送种子
2020-05-19 08:57:15:  用户test 登录成功
2020-05-19 08:57:16:   成功向用户test发送种子
2020-05-19 08:57:16:  用户test 登录成功
2020-05-19 08:57:17:   成功向用户test发送种子
2020-05-19 08:57:18:  用户test 登录成功
2020-05-19 08:57:19:   成功向用户test发送种子
2020-05-19 08:57:19:  用户test 登录成功
2020-05-19 08:57:20:  重新与用户test 约定口令序列
2020-05-19 08:57:20:   成功向用户test发送种子
2020-05-19 08:57:22:   成功向用户test发送种子
2020-05-19 08:57:23:  用户test 登录失败
2020-05-19 09:07:10:   成功向用户test发送种子
2020-05-19 09:07:11:  用户test 登录失败
2020-05-19 09:07:13:   成功向用户test发送种子
2020-05-19 09:07:14:  用户test 登录失败
2020-05-19 09:07:23:  用户sjy 成功注册
